<?xml version="1.0" encoding="UTF-8"?>
<!-- Generated by org.testng.reporters.JUnitReportReporter -->
<testsuite skipped="0" hostname="LAPTOP-01R1LHPK" name="prioritization" tests="4" failures="0" timestamp="29 May 2019 05:41:12 GMT" time="0.023" errors="0">
  <testcase name="loginWithInvalidcredentials" time="0.023" classname="prioritization"/>
  <testcase name="loginWithvalidcredentials" time="0.000" classname="prioritization"/>
  <testcase name="browserLaunch" time="0.000" classname="prioritization"/>
  <testcase name="applicationLaunch" time="0.000" classname="prioritization"/>
</testsuite> <!-- prioritization -->
